<?xml version="1.0" encoding="UTF-8"?>
<!-- Generated by org.testng.reporters.JUnitReportReporter -->
<testsuite hostname="GTBOOK" failures="0" tests="2" name="testCases.LoginTest" time="6.123" errors="0" timestamp="2025-01-03T10:40:37 IST" skipped="0">
  <testcase classname="testCases.LoginTest" name="logintest_with_valid_creds" time="2.825"/>
  <testcase classname="testCases.LoginTest" name="logintest_with_locked_creds" time="3.298"/>
</testsuite> <!-- testCases.LoginTest -->
